#! /usr/bin/vvp
:ivl_version "10.3 (stable)";
:ivl_delay_selection "TYPICAL";
:vpi_time_precision + 0;
:vpi_module "system";
:vpi_module "vhdl_sys";
:vpi_module "v2005_math";
:vpi_module "va_math";
S_0x5584af37d130 .scope module, "harness_axi" "harness_axi" 2 2;
 .timescale 0 0;
    .port_info 0 /INPUT 1 "clk"
    .port_info 1 /INPUT 1 "reset"
    .port_info 2 /INPUT 32 "a"
    .port_info 3 /INPUT 32 "b"
    .port_info 4 /OUTPUT 32 "c"
o0x7fbd3fb47018 .functor BUFZ 32, C4<zzzzzzzzzzzzzzzzzzzzzzzzzzzzzzzz>; HiZ drive
v0x5584af37d330_0 .net "a", 31 0, o0x7fbd3fb47018;  0 drivers
o0x7fbd3fb47048 .functor BUFZ 32, C4<zzzzzzzzzzzzzzzzzzzzzzzzzzzzzzzz>; HiZ drive
v0x5584af3bfc00_0 .net "b", 31 0, o0x7fbd3fb47048;  0 drivers
v0x5584af3bfce0_0 .net "c", 31 0, L_0x5584af3c0040;  1 drivers
o0x7fbd3fb470a8 .functor BUFZ 1, C4<z>; HiZ drive
v0x5584af3bfdd0_0 .net "clk", 0 0, o0x7fbd3fb470a8;  0 drivers
o0x7fbd3fb470d8 .functor BUFZ 1, C4<z>; HiZ drive
v0x5584af3bfe90_0 .net "reset", 0 0, o0x7fbd3fb470d8;  0 drivers
L_0x5584af3c0040 .arith/sum 32, o0x7fbd3fb47018, o0x7fbd3fb47048;
# The file index is used to find the file name in the following table.
:file_names 3;
    "N/A";
    "<interactive>";
    "/home/dhinesh/Files/RPHAX/harness_axi.v";
